TN:
SF:src\index.ts
FN:4,main
FN:57,(anonymous_1)
FNF:2
FNH:1
FNDA:8,main
FNDA:0,(anonymous_1)
DA:1,1
DA:2,1
DA:4,1
DA:7,8
DA:10,8
DA:11,1
DA:12,1
DA:15,1
DA:18,1
DA:21,7
DA:24,7
DA:25,7
DA:28,7
DA:29,7
DA:31,7
DA:32,7
DA:34,1
DA:35,1
DA:36,1
DA:40,6
DA:41,6
DA:42,5
DA:45,6
DA:47,1
DA:48,1
DA:51,7
DA:56,1
DA:57,0
DA:58,0
DA:59,0
LF:30
LH:27
BRDA:7,0,0,8
BRDA:7,0,1,6
BRDA:8,1,0,5
BRDA:8,1,1,1
BRDA:10,2,0,1
BRDA:28,3,0,7
BRDA:28,3,1,6
BRDA:32,4,0,1
BRDA:32,4,1,6
BRDA:32,4,2,6
BRDA:56,5,0,0
BRF:11
BRH:10
end_of_record
TN:
SF:src\api\MegaverseApiClient.ts
FN:47,(anonymous_0)
FN:61,(anonymous_1)
FN:65,(anonymous_2)
FN:83,(anonymous_3)
FN:106,(anonymous_4)
FN:110,(anonymous_5)
FN:116,(anonymous_6)
FN:124,(anonymous_7)
FN:130,(anonymous_8)
FN:138,(anonymous_9)
FN:144,(anonymous_10)
FN:170,(anonymous_11)
FNF:12
FNH:9
FNDA:2,(anonymous_0)
FNDA:8,(anonymous_1)
FNDA:2,(anonymous_2)
FNDA:0,(anonymous_3)
FNDA:2,(anonymous_4)
FNDA:1,(anonymous_5)
FNDA:1,(anonymous_6)
FNDA:0,(anonymous_7)
FNDA:1,(anonymous_8)
FNDA:0,(anonymous_9)
FNDA:4,(anonymous_10)
FNDA:1,(anonymous_11)
DA:43,2
DA:48,2
DA:49,2
DA:50,2
DA:51,2
DA:58,2
DA:59,8
DA:61,8
DA:66,2
DA:70,2
DA:71,1
DA:79,1
DA:80,1
DA:84,0
DA:88,0
DA:89,0
DA:97,0
DA:101,0
DA:107,2
DA:111,1
DA:121,1
DA:125,0
DA:135,1
DA:139,0
DA:148,4
DA:160,4
DA:161,1
DA:174,1
DA:186,1
DA:187,0
LF:30
LH:22
BRDA:70,0,0,1
BRDA:88,1,0,0
BRDA:160,2,0,1
BRDA:186,3,0,0
BRF:4
BRH:2
end_of_record
TN:
SF:src\orchestrator\MegaverseBuilder.ts
FN:21,isSoloonToken
FN:24,(anonymous_1)
FN:26,isComethToken
FN:29,(anonymous_3)
FN:44,(anonymous_4)
FN:46,(anonymous_5)
FN:54,(anonymous_6)
FN:91,(anonymous_7)
FN:105,(anonymous_8)
FN:121,(anonymous_9)
FN:128,(anonymous_10)
FN:142,(anonymous_11)
FN:164,(anonymous_12)
FN:168,(anonymous_13)
FN:169,(anonymous_14)
FN:170,(anonymous_15)
FN:174,(anonymous_16)
FN:175,(anonymous_17)
FN:176,(anonymous_18)
FN:179,(anonymous_19)
FN:179,(anonymous_20)
FN:183,(anonymous_21)
FN:191,(anonymous_22)
FN:192,(anonymous_23)
FN:199,(anonymous_24)
FN:200,(anonymous_25)
FN:201,(anonymous_26)
FN:206,(anonymous_27)
FN:222,(anonymous_28)
FN:227,(anonymous_29)
FN:227,(anonymous_30)
FN:237,(anonymous_31)
FN:250,(anonymous_32)
FN:264,(anonymous_33)
FN:270,(anonymous_34)
FN:278,(anonymous_35)
FNF:36
FNH:31
FNDA:31,isSoloonToken
FNDA:92,(anonymous_1)
FNDA:23,isComethToken
FNDA:83,(anonymous_3)
FNDA:6,(anonymous_4)
FNDA:0,(anonymous_5)
FNDA:1,(anonymous_6)
FNDA:3,(anonymous_7)
FNDA:5,(anonymous_8)
FNDA:6,(anonymous_9)
FNDA:49,(anonymous_10)
FNDA:18,(anonymous_11)
FNDA:2,(anonymous_12)
FNDA:1,(anonymous_13)
FNDA:1,(anonymous_14)
FNDA:1,(anonymous_15)
FNDA:4,(anonymous_16)
FNDA:12,(anonymous_17)
FNDA:3,(anonymous_18)
FNDA:3,(anonymous_19)
FNDA:3,(anonymous_20)
FNDA:6,(anonymous_21)
FNDA:12,(anonymous_22)
FNDA:28,(anonymous_23)
FNDA:0,(anonymous_24)
FNDA:4,(anonymous_25)
FNDA:0,(anonymous_26)
FNDA:10,(anonymous_27)
FNDA:3,(anonymous_28)
FNDA:8,(anonymous_29)
FNDA:8,(anonymous_30)
FNDA:3,(anonymous_31)
FNDA:8,(anonymous_32)
FNDA:3,(anonymous_33)
FNDA:0,(anonymous_34)
FNDA:0,(anonymous_35)
DA:8,1
DA:9,1
DA:10,1
DA:11,1
DA:15,1
DA:16,1
DA:24,92
DA:29,83
DA:32,1
DA:34,6
DA:35,6
DA:36,6
DA:37,6
DA:38,6
DA:39,6
DA:41,6
DA:44,6
DA:45,6
DA:46,0
DA:56,1
DA:58,1
DA:59,0
DA:60,0
DA:63,1
DA:64,1
DA:67,1
DA:68,1
DA:72,1
DA:73,1
DA:74,1
DA:77,0
DA:82,0
DA:85,0
DA:91,6
DA:93,3
DA:96,3
DA:101,3
DA:102,3
DA:103,6
DA:104,14
DA:105,5
DA:109,3
DA:110,2
DA:111,2
DA:113,1
DA:117,3
DA:122,6
DA:129,49
DA:147,18
DA:148,5
DA:149,4
DA:154,1
DA:155,1
DA:160,0
DA:167,2
DA:168,1
DA:169,1
DA:170,1
DA:173,2
DA:174,2
DA:175,4
DA:176,12
DA:179,3
DA:184,6
DA:189,6
DA:191,6
DA:192,12
DA:193,28
DA:194,28
DA:197,10
DA:198,4
DA:199,0
DA:200,4
DA:201,0
DA:203,4
DA:206,10
DA:210,6
DA:211,2
DA:212,2
DA:215,4
DA:216,4
DA:217,4
DA:226,3
DA:227,8
DA:228,8
DA:229,8
DA:231,8
DA:234,3
DA:240,3
DA:241,3
DA:242,3
DA:243,3
DA:247,3
DA:249,3
DA:251,8
DA:254,3
DA:255,0
DA:256,0
DA:258,3
DA:259,0
DA:261,3
DA:265,3
DA:271,0
DA:272,0
DA:273,0
DA:279,0
DA:280,0
DA:285,0
DA:290,0
DA:293,0
LF:110
LH:90
BRDA:58,0,0,0
BRDA:72,1,0,1
BRDA:104,2,0,9
BRDA:109,3,0,2
BRDA:109,3,1,1
BRDA:130,4,0,49
BRDA:130,4,1,19
BRDA:130,4,2,30
BRDA:130,4,3,17
BRDA:130,4,4,26
BRDA:130,4,5,8
BRDA:130,4,6,8
BRDA:130,4,7,22
BRDA:130,4,8,5
BRDA:130,4,9,5
BRDA:147,5,0,13
BRDA:148,6,0,4
BRDA:154,7,0,1
BRDA:176,8,0,3
BRDA:194,9,0,18
BRDA:197,10,0,4
BRDA:210,11,0,2
BRDA:251,12,0,8
BRDA:251,12,1,0
BRDA:254,13,0,0
BRDA:258,14,0,0
BRDA:272,15,0,0
BRDA:273,16,0,0
BRDA:273,16,1,0
BRDA:279,17,0,0
BRDA:279,17,1,0
BRF:31
BRH:22
end_of_record
TN:
SF:src\utils\concurrency.ts
FN:14,(anonymous_0)
FN:21,(anonymous_1)
FN:36,(anonymous_2)
FN:46,(anonymous_3)
FN:60,runtWithConcurrencyLimit
FN:71,(anonymous_5)
FNF:6
FNH:6
FNDA:3,(anonymous_0)
FNDA:11,(anonymous_1)
FNDA:11,(anonymous_2)
FNDA:1,(anonymous_3)
FNDA:3,runtWithConcurrencyLimit
FNDA:6,(anonymous_5)
DA:3,1
DA:15,3
DA:16,3
DA:17,3
DA:18,3
DA:22,11
DA:24,11
DA:26,10
DA:27,10
DA:31,1
DA:32,1
DA:33,1
DA:37,11
DA:38,11
DA:39,11
DA:41,11
DA:42,11
DA:48,1
DA:49,1
DA:60,1
DA:64,3
DA:65,3
DA:68,3
DA:71,3
DA:72,6
DA:73,11
DA:74,11
DA:76,11
DA:78,11
DA:79,9
DA:81,2
DA:84,2
DA:85,1
DA:91,3
DA:92,3
LF:35
LH:35
BRDA:14,0,0,0
BRDA:14,1,0,0
BRDA:24,2,0,10
BRDA:84,3,0,1
BRDA:84,4,0,2
BRDA:84,4,1,2
BRF:6
BRH:4
end_of_record
TN:
SF:src\utils\progressLogger.ts
FN:9,createProgressLogger
FN:16,(anonymous_1)
FNF:2
FNH:2
FNDA:1,createProgressLogger
FNDA:5,(anonymous_1)
DA:9,1
DA:14,1
DA:16,1
DA:17,5
DA:19,5
DA:20,3
DA:21,3
LF:7
LH:7
BRDA:12,0,0,0
BRDA:19,1,0,3
BRDA:19,2,0,5
BRDA:19,2,1,3
BRF:4
BRH:3
end_of_record
TN:
SF:src\utils\retry.ts
FN:18,getDelayFromHeaders
FN:44,calculateDelay
FN:81,retry
FN:85,(anonymous_3)
FNF:4
FNH:4
FNDA:1,getDelayFromHeaders
FNDA:5,calculateDelay
FNDA:6,retry
FNDA:5,(anonymous_3)
DA:3,1
DA:20,1
DA:21,1
DA:22,1
DA:23,1
DA:25,1
DA:26,1
DA:28,0
DA:29,0
DA:35,0
DA:38,0
DA:54,5
DA:57,5
DA:60,5
DA:63,5
DA:64,1
DA:65,1
DA:69,5
DA:71,5
DA:72,5
DA:75,5
DA:81,1
DA:85,6
DA:86,6
DA:88,6
DA:89,11
DA:90,11
DA:92,7
DA:95,7
DA:96,2
DA:97,1
DA:102,2
DA:106,5
DA:109,5
DA:110,1
DA:116,4
DA:124,5
DA:125,1
DA:129,5
LF:39
LH:35
BRDA:21,0,0,1
BRDA:21,1,0,1
BRDA:21,1,1,1
BRDA:23,2,0,1
BRDA:25,3,0,1
BRDA:25,3,1,0
BRDA:50,4,0,5
BRDA:51,5,0,5
BRDA:52,6,0,5
BRDA:53,7,0,5
BRDA:63,8,0,1
BRDA:63,9,0,5
BRDA:63,9,1,5
BRDA:69,10,0,5
BRDA:83,11,0,2
BRDA:85,12,0,4
BRDA:85,13,0,5
BRDA:95,14,0,2
BRDA:95,15,0,7
BRDA:95,15,1,6
BRDA:96,16,0,1
BRDA:99,17,0,1
BRDA:99,17,1,0
BRDA:109,18,0,1
BRDA:109,18,1,4
BRDA:109,19,0,5
BRDA:109,19,1,5
BRDA:119,20,0,4
BRDA:119,20,1,0
BRDA:124,21,0,1
BRF:30
BRH:27
end_of_record
TN:
SF:src\utils\sleep.ts
FN:1,(anonymous_0)
FN:2,(anonymous_1)
FNF:2
FNH:2
FNDA:1,(anonymous_0)
FNDA:1,(anonymous_1)
DA:1,1
DA:2,1
LF:2
LH:2
BRF:0
BRH:0
end_of_record
